<?xml version="1.0" encoding="UTF-8"?>
<!-- Generated by org.testng.reporters.JUnitXMLReporter -->
<testsuite ignored="0" hostname="IN-81DJX14" failures="0" tests="3" name="Text Box Tests" time="51.023" errors="0" timestamp="2025-07-27T17:16:48 IST">
  <testcase classname="com.automation.demo.ui.tests.TextBoxFormTest" name="testTextBoxForm" time="19.907"/>
  <testcase classname="com.automation.demo.ui.tests.CheckBoxTest" name="testCheckBox" time="29.154"/>
  <testcase classname="com.automation.demo.ui.tests.TextBoxFormTest" name="testTextBoxForm" time="8.378"/>
</testsuite> <!-- Text Box Tests -->
