<?xml version="1.0" encoding="UTF-8"?>
<!-- Generated by org.testng.reporters.JUnitXMLReporter -->
<testsuite ignored="0" hostname="IN-81DJX14" failures="2" tests="4" name="Text Box Tests" time="47.426" errors="0" timestamp="2025-07-22T20:57:28 IST">
  <testcase classname="com.automation.demo.tests.TextBoxFormTest" name="testTextBoxForm" time="16.165">
    <skipped/>
  </testcase> <!-- testTextBoxForm -->
  <testcase classname="com.automation.demo.tests.TextBoxFormTest" name="testTextBoxForm" time="5.387">
    <failure type="java.lang.AssertionError" message="Email not found in output expected [true] but found [false]">
      <![CDATA[java.lang.AssertionError: Email not found in output expected [true] but found [false]
at com.automation.demo.tests.TextBoxFormTest.testTextBoxForm(TextBoxFormTest.java:37)
at java.base/java.util.concurrent.Executors$RunnableAdapter.call(Executors.java:572)
at java.base/java.util.concurrent.FutureTask.run(FutureTask.java:317)
at java.base/java.util.concurrent.ThreadPoolExecutor.runWorker(ThreadPoolExecutor.java:1144)
at java.base/java.util.concurrent.ThreadPoolExecutor$Worker.run(ThreadPoolExecutor.java:642)
at java.base/java.lang.Thread.run(Thread.java:1583)
... Removed 14 stack frames]]>
    </failure>
  </testcase> <!-- testTextBoxForm -->
  <testcase classname="com.automation.demo.tests.TextBoxFormTest" name="testTextBoxForm" time="6.129">
    <skipped/>
  </testcase> <!-- testTextBoxForm -->
  <testcase classname="com.automation.demo.tests.TextBoxFormTest" name="testTextBoxForm" time="6.484">
    <failure type="java.lang.AssertionError" message="Email not found in output expected [true] but found [false]">
      <![CDATA[java.lang.AssertionError: Email not found in output expected [true] but found [false]
at com.automation.demo.tests.TextBoxFormTest.testTextBoxForm(TextBoxFormTest.java:37)
at java.base/java.util.concurrent.Executors$RunnableAdapter.call(Executors.java:572)
at java.base/java.util.concurrent.FutureTask.run(FutureTask.java:317)
at java.base/java.util.concurrent.ThreadPoolExecutor.runWorker(ThreadPoolExecutor.java:1144)
at java.base/java.util.concurrent.ThreadPoolExecutor$Worker.run(ThreadPoolExecutor.java:642)
at java.base/java.lang.Thread.run(Thread.java:1583)
... Removed 14 stack frames]]>
    </failure>
  </testcase> <!-- testTextBoxForm -->
</testsuite> <!-- Text Box Tests -->
